#-----------------------------------------------------------
# Vivado v2020.2 (64-bit)
# SW Build 3064766 on Wed Nov 18 09:12:45 MST 2020
# IP Build 3064653 on Wed Nov 18 14:17:31 MST 2020
# Start of session at: Sun Sep 10 14:01:23 2023
# Process ID: 21568
# Current directory: C:/Users/12296/OneDrive/SelfLearning/Verilog/project/HUST-cpu
# Command line: vivado.exe -gui_launcher_event rodinguilauncherevent31260 C:\Users\12296\OneDrive\SelfLearning\Verilog\project\HUST-cpu\HUST-cpu.xpr
# Log file: C:/Users/12296/OneDrive/SelfLearning/Verilog/project/HUST-cpu/vivado.log
# Journal file: C:/Users/12296/OneDrive/SelfLearning/Verilog/project/HUST-cpu\vivado.jou
#-----------------------------------------------------------
start_gui
open_project C:/Users/12296/OneDrive/SelfLearning/Verilog/project/HUST-cpu/HUST-cpu.xpr
WARNING: [filemgmt 56-3] Default IP Output Path : Could not find the directory 'C:/Users/12296/OneDrive/SelfLearning/Verilog/project/HUST-cpu/HUST-cpu.gen/sources_1'.
Scanning sources...
Finished scanning sources
INFO: [IP_Flow 19-234] Refreshing IP repositories
INFO: [IP_Flow 19-1704] No user IP repositories specified
INFO: [IP_Flow 19-2313] Loaded Vivado IP repository 'D:/Program/Xilinx/Vivado/2020.2/data/ip'.
exit
INFO: [Common 17-206] Exiting Vivado at Sun Sep 10 14:05:23 2023...
